<?xml version="1.0" encoding="UTF-8"?>
<testsuite xmlns:xsi="http://www.w3.org/2001/XMLSchema-instance" xsi:noNamespaceSchemaLocation="https://maven.apache.org/surefire/maven-surefire-plugin/xsd/surefire-test-report-3.0.xsd" version="3.0" name="com.koro.mathutil.core.test.MathUtilityTest" time="0.056" tests="3" errors="0" skipped="0" failures="1">
  <properties>
[...]
</properties>
  <testcase name="verifyFactorialGivenRightArgumentReturns0Ok" classname="com.koro.mathutil.core.test.MathUtilityTest" time="0.024"/>
  <testcase name="verifyFactorialGivenRightArgumentReturns1Ok" classname="com.koro.mathutil.core.test.MathUtilityTest" time="0.0"/>
  <testcase name="verifyFactorialGivenRightArgumentReturns5Ok" classname="com.koro.mathutil.core.test.MathUtilityTest" time="0.008">
    <failure message="expected: &lt;120&gt; but was: &lt;1200&gt;" type="org.opentest4j.AssertionFailedError"><![CDATA[org.opentest4j.AssertionFailedError: expected: <120> but was: <1200>
	at org.junit.jupiter.api.AssertionFailureBuilder.build(AssertionFailureBuilder.java:151)
	at org.junit.jupiter.api.AssertionFailureBuilder.buildAndThrow(AssertionFailureBuilder.java:132)
	at org.junit.jupiter.api.AssertEquals.failNotEqual(AssertEquals.java:197)
	at org.junit.jupiter.api.AssertEquals.assertEquals(AssertEquals.java:166)
	at org.junit.jupiter.api.AssertEquals.assertEquals(AssertEquals.java:161)
	at org.junit.jupiter.api.Assertions.assertEquals(Assertions.java:628)
	at com.koro.mathutil.core.test.MathUtilityTest.verifyFactorialGivenRightArgumentReturns5Ok(MathUtilityTest.java:37)
	at java.base/java.lang.reflect.Method.invoke(Method.java:577)
	at java.base/java.util.ArrayList.forEach(ArrayList.java:1511)
	at java.base/java.util.ArrayList.forEach(ArrayList.java:1511)
]]></failure>
  </testcase>
</testsuite>