<?xml version="1.0" encoding="UTF-8"?>
<testsuite xmlns:xsi="http://www.w3.org/2001/XMLSchema-instance" xsi:noNamespaceSchemaLocation="https://maven.apache.org/surefire/maven-surefire-plugin/xsd/surefire-test-report-3.0.xsd" version="3.0" name="com.koro.mathutil.core.test.MathUtilityTest" time="0.05" tests="3" errors="0" skipped="0" failures="0">
  <properties>
[...]
</properties>
  <testcase name="verifyFactorialGivenRightArgumentReturns0Ok" classname="com.koro.mathutil.core.test.MathUtilityTest" time="0.027"/>
  <testcase name="verifyFactorialGivenRightArgumentReturns1Ok" classname="com.koro.mathutil.core.test.MathUtilityTest" time="0.001"/>
  <testcase name="verifyFactorialGivenRightArgumentReturns5Ok" classname="com.koro.mathutil.core.test.MathUtilityTest" time="0.001"/>
</testsuite>